2024-10-11 15:57:57,043 [INFO] Starting VTNHCPF_GCN/VTNHCPF_GCN with interpolate upsample 128*4 gcn features 1024:2 cnn features vsl for one view (1024 attention)...


2024-10-11 15:58:53,325 [INFO] Starting VTNHCPF_GCN/VTNHCPF_GCN with interpolate upsample 128*4 gcn features 1024:2 cnn features vsl for one view (1024 attention)...


2024-10-11 16:00:27,001 [INFO] Step[50/144]: training loss : 5.464798517227173 TRAIN  loss dict:  {'classification_loss': 5.464798517227173}
2024-10-11 16:01:26,463 [INFO] Step[100/144]: training loss : 5.393173809051514 TRAIN  loss dict:  {'classification_loss': 5.393173809051514}
2024-10-11 16:03:24,929 [INFO] Label accuracies statistics:
2024-10-11 16:03:24,929 [INFO] {0: 0.0, 1: 0.3333333333333333, 2: 0.0, 3: 0.0, 4: 0.0, 5: 0.0, 6: 0.0, 7: 0.0, 8: 0.0, 9: 0.0, 10: 0.0, 11: 0.0, 12: 0.0, 13: 0.0, 14: 0.0, 15: 0.0, 16: 0.0, 17: 0.0, 18: 0.0, 19: 0.0, 20: 0.25, 21: 0.0, 22: 0.0, 23: 0.0, 24: 0.0, 25: 0.0, 26: 0.0, 27: 0.0, 28: 0.0, 29: 0.0, 30: 0.0, 31: 0.0, 32: 0.0, 33: 0.0, 34: 0.0, 35: 0.0, 36: 0.0, 37: 0.0, 38: 0.0, 39: 0.0, 40: 0.0, 41: 0.0, 42: 0.0, 43: 0.0, 44: 0.0, 45: 0.0, 46: 0.25, 47: 0.0, 48: 0.0, 49: 0.0, 50: 0.0, 51: 0.0, 52: 0.0, 53: 0.0, 54: 0.0, 55: 0.0, 56: 0.0, 57: 0.0, 58: 0.0, 59: 0.0, 60: 0.0, 61: 0.0, 62: 0.0, 63: 0.0, 64: 0.0, 65: 0.0, 66: 0.0, 67: 0.0, 68: 0.0, 69: 0.0, 70: 0.0, 71: 0.0, 72: 0.0, 73: 0.25, 74: 0.25, 75: 0.0, 76: 0.0, 77: 0.0, 78: 0.0, 79: 0.0, 80: 0.0, 81: 0.0, 82: 0.5, 83: 0.0, 84: 0.0, 85: 0.0, 86: 0.0, 87: 0.0, 88: 0.0, 89: 0.0, 90: 0.0, 91: 0.25, 92: 0.0, 93: 0.25, 94: 0.25, 95: 0.0, 96: 0.0, 97: 0.0, 98: 0.0, 99: 0.0, 100: 0.0, 101: 0.0, 102: 0.0, 103: 0.0, 104: 0.0, 105: 0.0, 106: 0.0, 107: 0.0, 108: 0.0, 109: 0.0, 110: 0.0, 111: 0.25, 112: 0.0, 113: 0.0, 114: 0.0, 115: 0.0, 116: 0.0, 117: 0.0, 118: 0.0, 119: 0.0, 120: 0.0, 121: 0.0, 122: 0.0, 123: 0.0, 124: 0.0, 125: 0.0, 126: 0.0, 127: 0.25, 128: 0.0, 129: 0.0, 130: 0.0, 131: 0.0, 132: 0.0, 133: 0.0, 134: 0.0, 135: 0.0, 136: 0.0, 137: 0.0, 138: 0.0, 139: 0.0, 140: 0.0, 141: 0.0, 142: 0.0, 143: 0.0, 144: 0.0, 145: 0.0, 146: 0.0, 147: 0.0, 148: 0.0, 149: 0.0, 150: 0.0, 151: 0.0, 152: 0.0, 153: 0.0, 154: 0.0, 155: 0.0, 156: 0.0, 157: 0.0, 158: 0.0, 159: 0.0, 160: 0.0, 161: 0.0, 162: 0.0, 163: 0.0, 164: 0.0, 165: 0.0, 166: 0.0, 167: 0.0, 168: 0.0, 169: 0.0, 170: 0.0, 171: 0.0, 172: 0.0, 173: 0.0, 174: 0.25, 175: 0.0, 176: 0.0, 177: 0.0, 178: 0.0, 179: 0.0, 180: 0.0, 181: 0.0, 182: 0.0, 183: 0.0, 184: 0.0, 185: 0.25, 186: 0.0, 187: 0.0, 188: 0.0, 189: 0.0, 190: 0.0, 191: 0.0, 192: 0.0, 193: 0.0, 194: 0.0, 195: 0.0, 196: 0.0, 197: 0.0, 198: 0.0}

2024-10-11 16:03:25,346 [INFO] [1] TRAIN  loss: 5.394385685523351 acc: 0.007877664504170528
2024-10-11 16:03:25,346 [INFO] [1] TRAIN  loss dict: {'classification_loss': 5.394385685523351}
2024-10-11 16:03:25,346 [INFO] [1] VALIDATION loss: 5.199712170494927 VALIDATION  acc: 0.017676767676767676
2024-10-11 16:03:25,346 [INFO] [1] VALIDATION  loss dict: {'classification_loss': 5.199712170494927}
2024-10-11 16:03:25,346 [INFO] 
2024-10-11 16:04:57,716 [INFO] Step[50/144]: training loss : 5.127753648757935 TRAIN  loss dict:  {'classification_loss': 5.127753648757935}
2024-10-11 16:05:57,479 [INFO] Step[100/144]: training loss : 4.987779541015625 TRAIN  loss dict:  {'classification_loss': 4.987779541015625}
2024-10-11 16:07:52,008 [INFO] Label accuracies statistics:
2024-10-11 16:07:52,008 [INFO] {0: 0.0, 1: 0.0, 2: 0.0, 3: 0.25, 4: 0.0, 5: 0.0, 6: 0.25, 7: 0.0, 8: 0.0, 9: 0.0, 10: 0.25, 11: 0.0, 12: 0.0, 13: 0.0, 14: 0.0, 15: 0.0, 16: 0.0, 17: 0.0, 18: 0.0, 19: 0.0, 20: 0.25, 21: 0.0, 22: 0.0, 23: 0.5, 24: 0.0, 25: 0.0, 26: 0.0, 27: 0.0, 28: 0.0, 29: 0.25, 30: 0.0, 31: 0.0, 32: 0.0, 33: 0.0, 34: 0.0, 35: 0.0, 36: 0.0, 37: 0.0, 38: 0.0, 39: 0.0, 40: 0.5, 41: 0.0, 42: 0.0, 43: 0.0, 44: 0.0, 45: 0.0, 46: 0.25, 47: 0.0, 48: 0.0, 49: 0.0, 50: 0.0, 51: 0.0, 52: 0.0, 53: 0.0, 54: 0.0, 55: 0.0, 56: 0.0, 57: 0.0, 58: 0.25, 59: 0.0, 60: 0.0, 61: 0.0, 62: 0.0, 63: 0.0, 64: 0.0, 65: 0.0, 66: 0.0, 67: 0.0, 68: 0.0, 69: 0.0, 70: 0.0, 71: 0.0, 72: 0.0, 73: 0.0, 74: 0.0, 75: 0.25, 76: 0.0, 77: 0.0, 78: 0.0, 79: 0.0, 80: 0.5, 81: 0.0, 82: 0.0, 83: 0.0, 84: 0.0, 85: 0.0, 86: 0.0, 87: 0.0, 88: 0.0, 89: 0.0, 90: 0.0, 91: 0.0, 92: 0.0, 93: 0.0, 94: 0.0, 95: 0.0, 96: 0.0, 97: 0.25, 98: 0.0, 99: 0.0, 100: 0.0, 101: 0.0, 102: 0.0, 103: 0.0, 104: 0.0, 105: 0.0, 106: 0.0, 107: 0.0, 108: 0.0, 109: 0.0, 110: 0.0, 111: 0.25, 112: 0.0, 113: 0.0, 114: 0.0, 115: 0.0, 116: 0.0, 117: 0.0, 118: 0.0, 119: 0.0, 120: 0.0, 121: 0.0, 122: 0.0, 123: 0.0, 124: 0.25, 125: 0.0, 126: 0.0, 127: 0.0, 128: 0.0, 129: 0.0, 130: 0.0, 131: 0.0, 132: 0.0, 133: 0.0, 134: 0.25, 135: 0.0, 136: 0.0, 137: 0.0, 138: 0.0, 139: 0.0, 140: 0.0, 141: 0.0, 142: 0.0, 143: 0.0, 144: 0.0, 145: 0.0, 146: 0.0, 147: 0.0, 148: 0.25, 149: 0.0, 150: 0.0, 151: 0.0, 152: 0.0, 153: 0.0, 154: 0.0, 155: 0.0, 156: 0.0, 157: 0.0, 158: 0.0, 159: 0.0, 160: 0.25, 161: 0.0, 162: 0.0, 163: 0.0, 164: 0.0, 165: 0.0, 166: 0.0, 167: 0.0, 168: 0.0, 169: 0.0, 170: 0.0, 171: 0.0, 172: 0.0, 173: 0.0, 174: 0.0, 175: 0.0, 176: 0.0, 177: 0.0, 178: 0.0, 179: 0.0, 180: 0.0, 181: 0.0, 182: 0.0, 183: 0.0, 184: 0.0, 185: 0.0, 186: 0.0, 187: 0.0, 188: 0.0, 189: 0.0, 190: 0.25, 191: 0.0, 192: 0.0, 193: 0.0, 194: 0.0, 195: 0.0, 196: 0.0, 197: 0.0, 198: 0.0}

2024-10-11 16:07:52,602 [INFO] [2] TRAIN  loss: 4.997310823864407 acc: 0.02386468952734013
2024-10-11 16:07:52,602 [INFO] [2] TRAIN  loss dict: {'classification_loss': 4.997310823864407}
2024-10-11 16:07:52,602 [INFO] [2] VALIDATION loss: 4.9058064708003295 VALIDATION  acc: 0.026515151515151516
2024-10-11 16:07:52,602 [INFO] [2] VALIDATION  loss dict: {'classification_loss': 4.9058064708003295}
2024-10-11 16:07:52,602 [INFO] 
2024-10-11 16:09:19,991 [INFO] Step[50/144]: training loss : 4.59725284576416 TRAIN  loss dict:  {'classification_loss': 4.59725284576416}
2024-10-11 16:10:20,996 [INFO] Step[100/144]: training loss : 4.560167093276977 TRAIN  loss dict:  {'classification_loss': 4.560167093276977}
2024-10-11 16:12:16,895 [INFO] Label accuracies statistics:
2024-10-11 16:12:16,895 [INFO] {0: 0.0, 1: 0.0, 2: 0.0, 3: 0.0, 4: 0.0, 5: 0.0, 6: 0.0, 7: 0.0, 8: 0.0, 9: 0.0, 10: 0.25, 11: 0.25, 12: 0.25, 13: 0.0, 14: 0.0, 15: 0.0, 16: 0.0, 17: 0.0, 18: 0.0, 19: 0.0, 20: 0.25, 21: 0.0, 22: 0.0, 23: 0.25, 24: 0.5, 25: 0.0, 26: 0.0, 27: 0.25, 28: 0.25, 29: 0.0, 30: 0.0, 31: 0.0, 32: 0.25, 33: 0.25, 34: 0.0, 35: 0.0, 36: 0.0, 37: 0.0, 38: 0.0, 39: 0.25, 40: 0.5, 41: 0.0, 42: 0.0, 43: 0.0, 44: 0.0, 45: 0.5, 46: 0.25, 47: 0.0, 48: 0.0, 49: 0.25, 50: 0.0, 51: 0.0, 52: 0.0, 53: 0.0, 54: 0.0, 55: 0.0, 56: 0.0, 57: 0.0, 58: 0.0, 59: 0.25, 60: 0.25, 61: 0.25, 62: 0.0, 63: 0.0, 64: 0.0, 65: 0.0, 66: 0.0, 67: 0.75, 68: 0.0, 69: 0.0, 70: 0.0, 71: 0.0, 72: 0.25, 73: 0.0, 74: 0.0, 75: 0.75, 76: 0.0, 77: 0.0, 78: 0.75, 79: 0.0, 80: 0.0, 81: 0.0, 82: 0.0, 83: 0.0, 84: 0.0, 85: 0.0, 86: 0.0, 87: 0.25, 88: 0.0, 89: 0.0, 90: 0.0, 91: 0.0, 92: 0.0, 93: 0.5, 94: 0.0, 95: 0.75, 96: 0.0, 97: 0.0, 98: 0.0, 99: 0.0, 100: 0.0, 101: 0.0, 102: 0.0, 103: 0.0, 104: 0.5, 105: 0.0, 106: 0.0, 107: 0.25, 108: 0.25, 109: 0.0, 110: 0.0, 111: 0.0, 112: 0.0, 113: 0.0, 114: 0.0, 115: 0.5, 116: 0.0, 117: 0.0, 118: 0.0, 119: 0.0, 120: 0.0, 121: 0.0, 122: 0.0, 123: 0.0, 124: 0.0, 125: 0.0, 126: 0.0, 127: 0.0, 128: 0.0, 129: 0.0, 130: 0.0, 131: 0.0, 132: 0.0, 133: 0.0, 134: 0.75, 135: 0.75, 136: 0.0, 137: 0.0, 138: 0.0, 139: 0.25, 140: 0.0, 141: 0.0, 142: 0.0, 143: 0.25, 144: 0.0, 145: 0.0, 146: 0.0, 147: 0.0, 148: 0.0, 149: 0.0, 150: 0.0, 151: 0.0, 152: 0.0, 153: 0.0, 154: 0.0, 155: 0.0, 156: 0.25, 157: 0.0, 158: 0.0, 159: 0.5, 160: 0.0, 161: 0.0, 162: 0.0, 163: 0.0, 164: 0.0, 165: 0.0, 166: 0.0, 167: 0.0, 168: 0.0, 169: 0.0, 170: 0.5, 171: 0.0, 172: 0.0, 173: 0.0, 174: 0.0, 175: 0.0, 176: 0.0, 177: 0.0, 178: 0.0, 179: 0.0, 180: 0.0, 181: 0.0, 182: 0.0, 183: 0.0, 184: 0.0, 185: 0.75, 186: 0.25, 187: 0.0, 188: 0.0, 189: 0.5, 190: 0.0, 191: 0.0, 192: 0.25, 193: 0.0, 194: 0.0, 195: 0.0, 196: 0.0, 197: 0.0, 198: 0.0}

2024-10-11 16:12:17,583 [INFO] [3] TRAIN  loss: 4.558607627948125 acc: 0.05583873957367933
2024-10-11 16:12:17,583 [INFO] [3] TRAIN  loss dict: {'classification_loss': 4.558607627948125}
2024-10-11 16:12:17,583 [INFO] [3] VALIDATION loss: 4.450916784780997 VALIDATION  acc: 0.07954545454545454
2024-10-11 16:12:17,583 [INFO] [3] VALIDATION  loss dict: {'classification_loss': 4.450916784780997}
2024-10-11 16:12:17,583 [INFO] 
2024-10-11 16:13:40,551 [INFO] Step[50/144]: training loss : 4.196904535293579 TRAIN  loss dict:  {'classification_loss': 4.196904535293579}
2024-10-11 16:14:37,041 [INFO] Step[100/144]: training loss : 4.079877109527588 TRAIN  loss dict:  {'classification_loss': 4.079877109527588}
2024-10-11 16:16:39,566 [INFO] Label accuracies statistics:
2024-10-11 16:16:39,566 [INFO] {0: 0.3333333333333333, 1: 0.0, 2: 0.5, 3: 0.0, 4: 0.0, 5: 0.0, 6: 0.0, 7: 0.0, 8: 0.0, 9: 0.25, 10: 0.25, 11: 0.25, 12: 0.0, 13: 0.0, 14: 0.0, 15: 0.0, 16: 0.0, 17: 0.25, 18: 0.0, 19: 0.0, 20: 0.25, 21: 0.0, 22: 0.0, 23: 0.25, 24: 0.0, 25: 0.0, 26: 0.25, 27: 0.25, 28: 0.5, 29: 0.25, 30: 0.0, 31: 0.0, 32: 0.5, 33: 0.5, 34: 0.0, 35: 0.0, 36: 0.0, 37: 0.5, 38: 0.0, 39: 0.25, 40: 0.25, 41: 0.0, 42: 0.25, 43: 0.0, 44: 0.0, 45: 0.25, 46: 0.0, 47: 0.0, 48: 0.0, 49: 1.0, 50: 0.0, 51: 0.0, 52: 0.25, 53: 0.0, 54: 0.0, 55: 0.0, 56: 0.0, 57: 0.0, 58: 0.0, 59: 0.0, 60: 0.25, 61: 0.25, 62: 0.0, 63: 0.0, 64: 0.0, 65: 0.5, 66: 0.0, 67: 0.0, 68: 0.0, 69: 0.25, 70: 0.0, 71: 0.25, 72: 0.25, 73: 0.0, 74: 0.0, 75: 0.5, 76: 0.0, 77: 0.0, 78: 0.75, 79: 0.0, 80: 0.75, 81: 0.5, 82: 0.0, 83: 0.0, 84: 0.0, 85: 0.25, 86: 0.0, 87: 0.25, 88: 0.0, 89: 0.0, 90: 0.0, 91: 0.5, 92: 0.5, 93: 0.5, 94: 0.0, 95: 0.75, 96: 0.0, 97: 0.0, 98: 0.25, 99: 0.2, 100: 0.0, 101: 0.0, 102: 0.0, 103: 0.0, 104: 0.5, 105: 0.25, 106: 0.75, 107: 0.5, 108: 0.0, 109: 0.0, 110: 0.0, 111: 0.0, 112: 0.5, 113: 0.0, 114: 0.0, 115: 0.25, 116: 0.0, 117: 0.0, 118: 0.0, 119: 0.0, 120: 0.25, 121: 0.0, 122: 0.0, 123: 0.0, 124: 0.5, 125: 0.0, 126: 0.25, 127: 0.0, 128: 0.0, 129: 0.25, 130: 0.25, 131: 0.0, 132: 0.0, 133: 0.25, 134: 0.75, 135: 1.0, 136: 0.0, 137: 0.0, 138: 0.25, 139: 0.25, 140: 0.0, 141: 0.0, 142: 0.0, 143: 0.25, 144: 0.75, 145: 0.0, 146: 0.0, 147: 0.0, 148: 0.5, 149: 0.0, 150: 0.25, 151: 0.25, 152: 0.0, 153: 0.25, 154: 0.0, 155: 0.0, 156: 0.25, 157: 0.0, 158: 0.0, 159: 0.25, 160: 0.0, 161: 0.0, 162: 0.0, 163: 0.0, 164: 0.0, 165: 0.0, 166: 0.0, 167: 0.0, 168: 0.5, 169: 0.0, 170: 0.75, 171: 0.0, 172: 0.25, 173: 0.0, 174: 0.0, 175: 0.0, 176: 0.0, 177: 0.75, 178: 0.25, 179: 0.0, 180: 0.0, 181: 0.0, 182: 0.0, 183: 0.0, 184: 0.0, 185: 0.75, 186: 0.0, 187: 0.25, 188: 0.0, 189: 0.0, 190: 0.0, 191: 0.0, 192: 0.5, 193: 0.0, 194: 0.0, 195: 0.0, 196: 0.25, 197: 0.0, 198: 0.0}

2024-10-11 16:16:40,259 [INFO] [4] TRAIN  loss: 4.072621876994769 acc: 0.10889712696941613
2024-10-11 16:16:40,260 [INFO] [4] TRAIN  loss dict: {'classification_loss': 4.072621876994769}
2024-10-11 16:16:40,260 [INFO] [4] VALIDATION loss: 3.937241457126759 VALIDATION  acc: 0.14393939393939395
2024-10-11 16:16:40,260 [INFO] [4] VALIDATION  loss dict: {'classification_loss': 3.937241457126759}
2024-10-11 16:16:40,260 [INFO] 
2024-10-11 16:18:18,263 [INFO] Step[50/144]: training loss : 3.598244352340698 TRAIN  loss dict:  {'classification_loss': 3.598244352340698}
2024-10-11 16:19:21,017 [INFO] Step[100/144]: training loss : 3.5122199201583864 TRAIN  loss dict:  {'classification_loss': 3.5122199201583864}
2024-10-11 16:21:35,506 [INFO] Label accuracies statistics:
2024-10-11 16:21:35,506 [INFO] {0: 0.0, 1: 0.6666666666666666, 2: 0.25, 3: 0.0, 4: 0.0, 5: 0.5, 6: 0.0, 7: 0.0, 8: 0.0, 9: 0.25, 10: 0.25, 11: 0.25, 12: 0.25, 13: 0.0, 14: 0.0, 15: 0.0, 16: 0.0, 17: 0.0, 18: 0.5, 19: 0.0, 20: 0.25, 21: 0.0, 22: 0.5, 23: 0.25, 24: 0.25, 25: 0.5, 26: 0.75, 27: 0.25, 28: 0.0, 29: 0.25, 30: 0.0, 31: 0.25, 32: 0.0, 33: 0.25, 34: 0.5, 35: 0.0, 36: 0.0, 37: 0.75, 38: 0.25, 39: 1.0, 40: 0.75, 41: 0.0, 42: 0.25, 43: 0.5, 44: 0.25, 45: 0.5, 46: 0.5, 47: 0.0, 48: 0.5, 49: 0.5, 50: 0.0, 51: 0.75, 52: 0.0, 53: 0.0, 54: 0.0, 55: 0.0, 56: 0.0, 57: 0.0, 58: 0.25, 59: 0.0, 60: 0.25, 61: 0.5, 62: 0.75, 63: 0.0, 64: 1.0, 65: 0.5, 66: 0.0, 67: 0.0, 68: 0.0, 69: 0.0, 70: 0.0, 71: 0.5, 72: 0.5, 73: 0.0, 74: 0.0, 75: 1.0, 76: 0.0, 77: 0.0, 78: 0.0, 79: 0.25, 80: 0.75, 81: 0.5, 82: 0.25, 83: 0.0, 84: 0.0, 85: 0.0, 86: 0.25, 87: 0.25, 88: 0.0, 89: 0.25, 90: 0.0, 91: 0.5, 92: 0.5, 93: 0.5, 94: 0.0, 95: 0.75, 96: 0.0, 97: 0.25, 98: 0.75, 99: 0.4, 100: 0.0, 101: 0.25, 102: 0.25, 103: 0.0, 104: 0.5, 105: 0.75, 106: 0.0, 107: 0.25, 108: 0.25, 109: 0.0, 110: 0.0, 111: 0.0, 112: 0.0, 113: 0.0, 114: 0.5, 115: 0.25, 116: 0.5, 117: 0.0, 118: 0.75, 119: 0.25, 120: 0.0, 121: 0.0, 122: 0.0, 123: 0.0, 124: 0.75, 125: 0.0, 126: 0.0, 127: 0.0, 128: 0.75, 129: 0.75, 130: 0.0, 131: 0.25, 132: 0.25, 133: 0.25, 134: 0.75, 135: 1.0, 136: 0.0, 137: 0.0, 138: 0.5, 139: 0.75, 140: 0.25, 141: 0.75, 142: 0.0, 143: 0.5, 144: 0.75, 145: 0.0, 146: 0.25, 147: 0.25, 148: 0.5, 149: 0.0, 150: 0.0, 151: 0.75, 152: 0.75, 153: 0.5, 154: 0.0, 155: 0.0, 156: 0.0, 157: 0.0, 158: 0.0, 159: 0.25, 160: 0.0, 161: 0.0, 162: 0.0, 163: 0.0, 164: 0.0, 165: 0.0, 166: 0.0, 167: 0.25, 168: 0.0, 169: 0.0, 170: 0.5, 171: 0.0, 172: 0.0, 173: 0.5, 174: 0.5, 175: 0.0, 176: 0.25, 177: 0.0, 178: 0.0, 179: 0.0, 180: 0.0, 181: 0.0, 182: 0.0, 183: 0.25, 184: 0.0, 185: 0.75, 186: 0.0, 187: 1.0, 188: 0.0, 189: 0.25, 190: 0.0, 191: 0.0, 192: 0.75, 193: 0.0, 194: 0.0, 195: 0.25, 196: 0.5, 197: 0.25, 198: 0.0}

2024-10-11 16:21:36,202 [INFO] [5] TRAIN  loss: 3.4816122170951633 acc: 0.1818813716404078
2024-10-11 16:21:36,202 [INFO] [5] TRAIN  loss dict: {'classification_loss': 3.4816122170951633}
2024-10-11 16:21:36,202 [INFO] [5] VALIDATION loss: 3.297339161237081 VALIDATION  acc: 0.2361111111111111
2024-10-11 16:21:36,202 [INFO] [5] VALIDATION  loss dict: {'classification_loss': 3.297339161237081}
2024-10-11 16:21:36,202 [INFO] 
2024-10-11 16:23:14,201 [INFO] Step[50/144]: training loss : 3.014622664451599 TRAIN  loss dict:  {'classification_loss': 3.014622664451599}
